<?xml version="1.0" encoding="UTF-8"?>
<!-- Generated by org.testng.reporters.JUnitReportReporter -->
<testsuite hostname="mp-Latitude-7430" failures="0" tests="1" name="com.github.mirospanacek.ares.test.AresCilentTest" time="0.440" errors="0" timestamp="2025-04-06T00:22:43 SELÄŒ" skipped="0">
  <testcase classname="com.github.mirospanacek.ares.test.AresCilentTest" name="searchTest" time="0.440"/>
</testsuite> <!-- com.github.mirospanacek.ares.test.AresCilentTest -->
